[2026-06-21 19:15:36] POST https://ngodarpan.gov.in/index.php/ajaxcontroller/search_index_new failed (HTTPSConnectionPool(host='ngodarpan.gov.in', port=443): Max retries exceeded with url: /index.php/ajaxcontroller/search_index_new (Caused by SSLError(SSLCertVerificationError(1, '[SSL: CERTIFICATE_VERIFY_FAILED] certificate verify failed: self-signed certificate in certificate chain (_ssl.c:1028)')))), retrying in 5s...
[2026-06-21 19:15:42] POST https://ngodarpan.gov.in/index.php/ajaxcontroller/search_index_new failed after 2 attempts: HTTPSConnectionPool(host='ngodarpan.gov.in', port=443): Max retries exceeded with url: /index.php/ajaxcontroller/search_index_new (Caused by SSLError(SSLCertVerificationError(1, '[SSL: CERTIFICATE_VERIFY_FAILED] certificate verify failed: self-signed certificate in certificate chain (_ssl.c:1028)')))
[2026-06-21 19:15:44] POST https://ngodarpan.gov.in/index.php/ajaxcontroller/search_index_new failed (HTTPSConnectionPool(host='ngodarpan.gov.in', port=443): Max retries exceeded with url: /index.php/ajaxcontroller/search_index_new (Caused by SSLError(SSLCertVerificationError(1, '[SSL: CERTIFICATE_VERIFY_FAILED] certificate verify failed: self-signed certificate in certificate chain (_ssl.c:1028)')))), retrying in 5s...
[2026-06-21 19:15:49] POST https://ngodarpan.gov.in/index.php/ajaxcontroller/search_index_new failed after 2 attempts: HTTPSConnectionPool(host='ngodarpan.gov.in', port=443): Max retries exceeded with url: /index.php/ajaxcontroller/search_index_new (Caused by SSLError(SSLCertVerificationError(1, '[SSL: CERTIFICATE_VERIFY_FAILED] certificate verify failed: self-signed certificate in certificate chain (_ssl.c:1028)')))
[2026-06-21 19:15:52] POST https://ngodarpan.gov.in/index.php/ajaxcontroller/search_index_new failed (HTTPSConnectionPool(host='ngodarpan.gov.in', port=443): Max retries exceeded with url: /index.php/ajaxcontroller/search_index_new (Caused by SSLError(SSLCertVerificationError(1, '[SSL: CERTIFICATE_VERIFY_FAILED] certificate verify failed: self-signed certificate in certificate chain (_ssl.c:1028)')))), retrying in 5s...
[2026-06-21 19:15:57] POST https://ngodarpan.gov.in/index.php/ajaxcontroller/search_index_new failed after 2 attempts: HTTPSConnectionPool(host='ngodarpan.gov.in', port=443): Max retries exceeded with url: /index.php/ajaxcontroller/search_index_new (Caused by SSLError(SSLCertVerificationError(1, '[SSL: CERTIFICATE_VERIFY_FAILED] certificate verify failed: self-signed certificate in certificate chain (_ssl.c:1028)')))
[2026-06-21 19:16:00] POST https://ngodarpan.gov.in/index.php/ajaxcontroller/search_index_new failed (HTTPSConnectionPool(host='ngodarpan.gov.in', port=443): Max retries exceeded with url: /index.php/ajaxcontroller/search_index_new (Caused by SSLError(SSLCertVerificationError(1, '[SSL: CERTIFICATE_VERIFY_FAILED] certificate verify failed: self-signed certificate in certificate chain (_ssl.c:1028)')))), retrying in 5s...
[2026-06-21 19:16:05] POST https://ngodarpan.gov.in/index.php/ajaxcontroller/search_index_new failed after 2 attempts: HTTPSConnectionPool(host='ngodarpan.gov.in', port=443): Max retries exceeded with url: /index.php/ajaxcontroller/search_index_new (Caused by SSLError(SSLCertVerificationError(1, '[SSL: CERTIFICATE_VERIFY_FAILED] certificate verify failed: self-signed certificate in certificate chain (_ssl.c:1028)')))
[2026-06-21 19:16:07] POST https://ngodarpan.gov.in/index.php/ajaxcontroller/search_index_new failed (HTTPSConnectionPool(host='ngodarpan.gov.in', port=443): Max retries exceeded with url: /index.php/ajaxcontroller/search_index_new (Caused by SSLError(SSLCertVerificationError(1, '[SSL: CERTIFICATE_VERIFY_FAILED] certificate verify failed: self-signed certificate in certificate chain (_ssl.c:1028)')))), retrying in 5s...
[2026-06-21 19:16:13] POST https://ngodarpan.gov.in/index.php/ajaxcontroller/search_index_new failed after 2 attempts: HTTPSConnectionPool(host='ngodarpan.gov.in', port=443): Max retries exceeded with url: /index.php/ajaxcontroller/search_index_new (Caused by SSLError(SSLCertVerificationError(1, '[SSL: CERTIFICATE_VERIFY_FAILED] certificate verify failed: self-signed certificate in certificate chain (_ssl.c:1028)')))
[2026-06-21 19:16:15] POST https://ngodarpan.gov.in/index.php/ajaxcontroller/search_index_new failed (HTTPSConnectionPool(host='ngodarpan.gov.in', port=443): Max retries exceeded with url: /index.php/ajaxcontroller/search_index_new (Caused by SSLError(SSLCertVerificationError(1, '[SSL: CERTIFICATE_VERIFY_FAILED] certificate verify failed: self-signed certificate in certificate chain (_ssl.c:1028)')))), retrying in 5s...
[2026-06-21 19:16:21] POST https://ngodarpan.gov.in/index.php/ajaxcontroller/search_index_new failed after 2 attempts: HTTPSConnectionPool(host='ngodarpan.gov.in', port=443): Max retries exceeded with url: /index.php/ajaxcontroller/search_index_new (Caused by SSLError(SSLCertVerificationError(1, '[SSL: CERTIFICATE_VERIFY_FAILED] certificate verify failed: self-signed certificate in certificate chain (_ssl.c:1028)')))
[2026-06-21 19:16:23] POST https://ngodarpan.gov.in/index.php/ajaxcontroller/search_index_new failed (HTTPSConnectionPool(host='ngodarpan.gov.in', port=443): Max retries exceeded with url: /index.php/ajaxcontroller/search_index_new (Caused by SSLError(SSLCertVerificationError(1, '[SSL: CERTIFICATE_VERIFY_FAILED] certificate verify failed: self-signed certificate in certificate chain (_ssl.c:1028)')))), retrying in 5s...
[2026-06-21 19:16:28] POST https://ngodarpan.gov.in/index.php/ajaxcontroller/search_index_new failed after 2 attempts: HTTPSConnectionPool(host='ngodarpan.gov.in', port=443): Max retries exceeded with url: /index.php/ajaxcontroller/search_index_new (Caused by SSLError(SSLCertVerificationError(1, '[SSL: CERTIFICATE_VERIFY_FAILED] certificate verify failed: self-signed certificate in certificate chain (_ssl.c:1028)')))
[2026-06-21 19:16:31] POST https://ngodarpan.gov.in/index.php/ajaxcontroller/search_index_new failed (HTTPSConnectionPool(host='ngodarpan.gov.in', port=443): Max retries exceeded with url: /index.php/ajaxcontroller/search_index_new (Caused by SSLError(SSLCertVerificationError(1, '[SSL: CERTIFICATE_VERIFY_FAILED] certificate verify failed: self-signed certificate in certificate chain (_ssl.c:1028)')))), retrying in 5s...
[2026-06-21 19:16:36] POST https://ngodarpan.gov.in/index.php/ajaxcontroller/search_index_new failed after 2 attempts: HTTPSConnectionPool(host='ngodarpan.gov.in', port=443): Max retries exceeded with url: /index.php/ajaxcontroller/search_index_new (Caused by SSLError(SSLCertVerificationError(1, '[SSL: CERTIFICATE_VERIFY_FAILED] certificate verify failed: self-signed certificate in certificate chain (_ssl.c:1028)')))
[2026-06-21 19:16:39] POST https://ngodarpan.gov.in/index.php/ajaxcontroller/search_index_new failed (HTTPSConnectionPool(host='ngodarpan.gov.in', port=443): Max retries exceeded with url: /index.php/ajaxcontroller/search_index_new (Caused by SSLError(SSLCertVerificationError(1, '[SSL: CERTIFICATE_VERIFY_FAILED] certificate verify failed: self-signed certificate in certificate chain (_ssl.c:1028)')))), retrying in 5s...
[2026-06-21 19:16:44] POST https://ngodarpan.gov.in/index.php/ajaxcontroller/search_index_new failed after 2 attempts: HTTPSConnectionPool(host='ngodarpan.gov.in', port=443): Max retries exceeded with url: /index.php/ajaxcontroller/search_index_new (Caused by SSLError(SSLCertVerificationError(1, '[SSL: CERTIFICATE_VERIFY_FAILED] certificate verify failed: self-signed certificate in certificate chain (_ssl.c:1028)')))
[2026-06-21 19:16:47] GET https://raw.githubusercontent.com/DataKind-Bangalore/NGO-Data/master/NGO_data.csv failed (HTTP 404), retrying in 5s...
[2026-06-21 19:16:52] GET https://raw.githubusercontent.com/DataKind-Bangalore/NGO-Data/master/NGO_data.csv failed after 2 attempts: HTTP 404
[2026-06-21 19:16:53] GET https://raw.githubusercontent.com/owid/owid-datasets/master/datasets/Food%20waste%20(FAO%2C%202021)/Food%20waste%20(FAO%2C%202021).csv failed (HTTP 404), retrying in 5s...
[2026-06-21 19:16:59] GET https://raw.githubusercontent.com/owid/owid-datasets/master/datasets/Food%20waste%20(FAO%2C%202021)/Food%20waste%20(FAO%2C%202021).csv failed after 2 attempts: HTTP 404
[2026-06-21 19:16:59] Part3: FAO CSV download failed; using default 30% loss rate.
[2026-06-21 19:17:20] GET https://api.data.gov.in/resource/9ef84268-d588-465a-a308-a864a43d0070 failed (HTTPSConnectionPool(host='api.data.gov.in', port=443): Read timed out. (read timeout=20)), retrying in 5s...
[2026-06-21 19:17:46] GET https://api.data.gov.in/resource/9ef84268-d588-465a-a308-a864a43d0070 failed after 2 attempts: HTTPSConnectionPool(host='api.data.gov.in', port=443): Read timed out. (read timeout=20)
[2026-06-21 19:17:46] Part3: data.gov.in Maharashtra failed; skipping.
[2026-06-21 19:18:07] GET https://api.data.gov.in/resource/9ef84268-d588-465a-a308-a864a43d0070 failed (HTTPSConnectionPool(host='api.data.gov.in', port=443): Read timed out. (read timeout=20)), retrying in 5s...
[2026-06-21 19:18:33] GET https://api.data.gov.in/resource/9ef84268-d588-465a-a308-a864a43d0070 failed after 2 attempts: HTTPSConnectionPool(host='api.data.gov.in', port=443): Read timed out. (read timeout=20)
[2026-06-21 19:18:33] Part3: data.gov.in Uttar Pradesh failed; skipping.
[2026-06-21 19:18:55] GET https://api.data.gov.in/resource/9ef84268-d588-465a-a308-a864a43d0070 failed (HTTPSConnectionPool(host='api.data.gov.in', port=443): Read timed out. (read timeout=20)), retrying in 5s...
[2026-06-21 19:19:20] GET https://api.data.gov.in/resource/9ef84268-d588-465a-a308-a864a43d0070 failed after 2 attempts: HTTPSConnectionPool(host='api.data.gov.in', port=443): Read timed out. (read timeout=20)
[2026-06-21 19:19:20] Part3: data.gov.in West Bengal failed; skipping.
[2026-06-21 19:19:42] GET https://api.data.gov.in/resource/9ef84268-d588-465a-a308-a864a43d0070 failed (HTTPSConnectionPool(host='api.data.gov.in', port=443): Read timed out. (read timeout=20)), retrying in 5s...
[2026-06-21 19:20:07] GET https://api.data.gov.in/resource/9ef84268-d588-465a-a308-a864a43d0070 failed after 2 attempts: HTTPSConnectionPool(host='api.data.gov.in', port=443): Read timed out. (read timeout=20)
[2026-06-21 19:20:07] Part3: data.gov.in Tamil Nadu failed; skipping.
[2026-06-21 19:20:30] GET https://api.data.gov.in/resource/9ef84268-d588-465a-a308-a864a43d0070 failed (HTTPSConnectionPool(host='api.data.gov.in', port=443): Read timed out. (read timeout=20)), retrying in 5s...
[2026-06-21 19:20:56] GET https://api.data.gov.in/resource/9ef84268-d588-465a-a308-a864a43d0070 failed after 2 attempts: HTTPSConnectionPool(host='api.data.gov.in', port=443): Read timed out. (read timeout=20)
[2026-06-21 19:20:56] Part3: data.gov.in Karnataka failed; skipping.
[2026-06-21 19:21:18] GET https://api.data.gov.in/resource/9ef84268-d588-465a-a308-a864a43d0070 failed (HTTPSConnectionPool(host='api.data.gov.in', port=443): Read timed out. (read timeout=20)), retrying in 5s...
[2026-06-21 19:21:45] GET https://api.data.gov.in/resource/9ef84268-d588-465a-a308-a864a43d0070 failed after 2 attempts: HTTPSConnectionPool(host='api.data.gov.in', port=443): Read timed out. (read timeout=20)
[2026-06-21 19:21:45] Part3: data.gov.in Gujarat failed; skipping.
[2026-06-21 19:22:07] GET https://api.data.gov.in/resource/9ef84268-d588-465a-a308-a864a43d0070 failed (HTTPSConnectionPool(host='api.data.gov.in', port=443): Read timed out. (read timeout=20)), retrying in 5s...
[2026-06-21 19:22:34] GET https://api.data.gov.in/resource/9ef84268-d588-465a-a308-a864a43d0070 failed after 2 attempts: HTTPSConnectionPool(host='api.data.gov.in', port=443): Read timed out. (read timeout=20)
[2026-06-21 19:22:34] Part3: data.gov.in Telangana failed; skipping.
[2026-06-21 19:22:56] GET https://api.data.gov.in/resource/9ef84268-d588-465a-a308-a864a43d0070 failed (HTTPSConnectionPool(host='api.data.gov.in', port=443): Read timed out. (read timeout=20)), retrying in 5s...
[2026-06-21 19:23:23] GET https://api.data.gov.in/resource/9ef84268-d588-465a-a308-a864a43d0070 failed after 2 attempts: HTTPSConnectionPool(host='api.data.gov.in', port=443): Read timed out. (read timeout=20)
[2026-06-21 19:23:23] Part3: data.gov.in Kerala failed; skipping.
[2026-06-21 19:23:45] GET https://api.data.gov.in/resource/9ef84268-d588-465a-a308-a864a43d0070 failed (HTTPSConnectionPool(host='api.data.gov.in', port=443): Read timed out. (read timeout=20)), retrying in 5s...
[2026-06-21 19:24:12] GET https://api.data.gov.in/resource/9ef84268-d588-465a-a308-a864a43d0070 failed after 2 attempts: HTTPSConnectionPool(host='api.data.gov.in', port=443): Read timed out. (read timeout=20)
[2026-06-21 19:24:12] Part3: data.gov.in Madhya Pradesh failed; skipping.
[2026-06-21 19:24:33] GET https://api.data.gov.in/resource/9ef84268-d588-465a-a308-a864a43d0070 failed (HTTPSConnectionPool(host='api.data.gov.in', port=443): Read timed out. (read timeout=20)), retrying in 5s...
[2026-06-21 19:25:00] GET https://api.data.gov.in/resource/9ef84268-d588-465a-a308-a864a43d0070 failed after 2 attempts: HTTPSConnectionPool(host='api.data.gov.in', port=443): Read timed out. (read timeout=20)
[2026-06-21 19:25:00] Part3: data.gov.in Rajasthan failed; skipping.
[2026-06-21 19:28:08] Unexpected error: Traceback (most recent call last):
  File "C:\Users\achin\Desktop\projforpaper\helpforresearchpaper\feedify\feedify_data_pipeline.py", line 1425, in main
    run_part5(cp)
    ~~~~~~~~~^^^^
  File "C:\Users\achin\Desktop\projforpaper\helpforresearchpaper\feedify\feedify_data_pipeline.py", line 1380, in run_part5
    print(f"    → periRoute/data/processed/")
    ~~~~~^^^^^^^^^^^^^^^^^^^^^^^^^^^^^^^^^^^^
  File "C:\Users\achin\AppData\Local\Programs\Python\Python313\Lib\encodings\cp1252.py", line 19, in encode
    return codecs.charmap_encode(input,self.errors,encoding_table)[0]
           ~~~~~~~~~~~~~~~~~~~~~^^^^^^^^^^^^^^^^^^^^^^^^^^^^^^^^^^
UnicodeEncodeError: 'charmap' codec can't encode character '\u2192' in position 4: character maps to <undefined>

